<?xml version="1.0" encoding="UTF-8"?>
<testsuite name="com.example.demo.DemoApplicationTests" tests="1" skipped="0" failures="0" errors="0" timestamp="2026-07-12T19:11:25.213Z" hostname="GUDBOYVH" time="6.41">
  <properties/>
  <testcase name="contextLoads()" classname="com.example.demo.DemoApplicationTests" time="0.601"/>
  <system-out><![CDATA[02:11:25.386 [Test worker] INFO org.springframework.test.context.support.AnnotationConfigContextLoaderUtils -- Could not detect default configuration classes for test class [com.example.demo.DemoApplicationTests]: DemoApplicationTests does not declare any static, non-private, non-final, nested classes annotated with @Configuration.
02:11:25.495 [Test worker] INFO org.springframework.boot.test.context.SpringBootTestContextBootstrapper -- Found @SpringBootConfiguration com.example.demo.DemoApplication for test class com.example.demo.DemoApplicationTests
02:11:25.585 [Test worker] INFO org.springframework.test.context.support.AnnotationConfigContextLoaderUtils -- Could not detect default configuration classes for test class [com.example.demo.DemoApplicationTests]: DemoApplicationTests does not declare any static, non-private, non-final, nested classes annotated with @Configuration.
02:11:25.586 [Test worker] INFO org.springframework.boot.test.context.SpringBootTestContextBootstrapper -- Found @SpringBootConfiguration com.example.demo.DemoApplication for test class com.example.demo.DemoApplicationTests

  .   ____          _            __ _ _
 /\\ / ___'_ __ _ _(_)_ __  __ _ \ \ \ \
( ( )\___ | '_ | '_| | '_ \/ _` | \ \ \ \
 \\/  ___)| |_)| | | | | || (_| |  ) ) ) )
  '  |____| .__|_| |_|_| |_\__, | / / / /
 =========|_|==============|___/=/_/_/_/

 :: Spring Boot ::                (v4.1.0)

2026-07-13T02:11:25.890+07:00  INFO 30268 --- [demo] [    Test worker] com.example.demo.DemoApplicationTests    : Starting DemoApplicationTests using Java 21.0.8 with PID 30268 (started by vanan in C:\Users\vanan\Downloads\demo)
2026-07-13T02:11:25.892+07:00  INFO 30268 --- [demo] [    Test worker] com.example.demo.DemoApplicationTests    : No active profile set, falling back to 1 default profile: "default"
2026-07-13T02:11:26.437+07:00  INFO 30268 --- [demo] [    Test worker] .s.d.r.c.RepositoryConfigurationDelegate : Bootstrapping Spring Data JPA repositories in DEFAULT mode.
2026-07-13T02:11:26.498+07:00  INFO 30268 --- [demo] [    Test worker] .s.d.r.c.RepositoryConfigurationDelegate : Finished Spring Data repository scanning in 52 ms. Found 3 JPA repository interfaces.
2026-07-13T02:11:26.866+07:00  INFO 30268 --- [demo] [    Test worker] org.hibernate.orm.jpa                    : HHH008540: Processing PersistenceUnitInfo [name: default]
2026-07-13T02:11:26.928+07:00  INFO 30268 --- [demo] [    Test worker] org.hibernate.orm.core                   : HHH000001: Hibernate ORM core version 7.4.1.Final
2026-07-13T02:11:27.432+07:00  INFO 30268 --- [demo] [    Test worker] o.s.o.j.p.SpringPersistenceUnitInfo      : No LoadTimeWeaver setup: ignoring JPA class transformer
2026-07-13T02:11:27.470+07:00  INFO 30268 --- [demo] [    Test worker] com.zaxxer.hikari.HikariDataSource       : HikariPool-1 - Starting...
2026-07-13T02:11:27.647+07:00  INFO 30268 --- [demo] [    Test worker] com.zaxxer.hikari.pool.HikariPool        : HikariPool-1 - Added connection org.postgresql.jdbc.PgConnection@28a3fc34
2026-07-13T02:11:27.649+07:00  INFO 30268 --- [demo] [    Test worker] com.zaxxer.hikari.HikariDataSource       : HikariPool-1 - Start completed.
2026-07-13T02:11:27.685+07:00  WARN 30268 --- [demo] [    Test worker] org.hibernate.orm.deprecation            : HHH90000025: PostgreSQLDialect does not need to be specified explicitly using 'hibernate.dialect' (remove the property setting and it will be selected by default)
2026-07-13T02:11:27.716+07:00  INFO 30268 --- [demo] [    Test worker] org.hibernate.orm.connections.pooling    : HHH10001005: Database info:
	Database JDBC URL [jdbc:postgresql://localhost:5432/md06]
	Database driver: PostgreSQL JDBC Driver
	Database dialect: PostgreSQLDialect
	Database version: 18.3
	Default catalog/schema: md06/public
	Autocommit mode: undefined/unknown
	Isolation level: READ_COMMITTED [default READ_COMMITTED]
	JDBC fetch size: none
	Pool: DataSourceConnectionProvider
	Minimum pool size: undefined/unknown
	Maximum pool size: undefined/unknown
2026-07-13T02:11:28.685+07:00  INFO 30268 --- [demo] [    Test worker] org.hibernate.orm.core                   : HHH000489: No JTA platform available (set 'hibernate.transaction.jta.platform' to enable JTA platform integration)
2026-07-13T02:11:28.765+07:00  INFO 30268 --- [demo] [    Test worker] j.LocalContainerEntityManagerFactoryBean : Initialized JPA EntityManagerFactory for persistence unit 'default'
2026-07-13T02:11:28.868+07:00  INFO 30268 --- [demo] [    Test worker] o.s.d.j.r.query.QueryEnhancerFactories   : Hibernate is in classpath; If applicable, HQL parser will be used.
2026-07-13T02:11:30.434+07:00  WARN 30268 --- [demo] [    Test worker] JpaBaseConfiguration$JpaWebConfiguration : spring.jpa.open-in-view is enabled by default. Therefore, database queries may be performed during view rendering. Explicitly configure spring.jpa.open-in-view to disable this warning
2026-07-13T02:11:31.001+07:00  INFO 30268 --- [demo] [    Test worker] com.example.demo.DemoApplicationTests    : Started DemoApplicationTests in 5.356 seconds (process running for 6.629)
--- VERIFYING TABLES ---
Table vehicles exists!
Hibernate: 
    select
        pt1_0.id,
        pt1_0.check_in_time,
        pt1_0.check_out_time,
        pt1_0.vehicle_id,
        pt1_0.zone_id 
    from
        parking_tickets pt1_0
Hibernate: 
    select
        v1_0.id,
        v1_0.color,
        v1_0.license_plate,
        v1_0.type 
    from
        vehicles v1_0
Hibernate: 
    select
        z1_0.id,
        z1_0.capacity,
        z1_0.name,
        z1_0.occupied_spots 
    from
        zones z1_0
Hibernate: 
    select
        pt1_0.zone_id,
        pt1_0.id,
        pt1_0.check_in_time,
        pt1_0.check_out_time,
        pt1_0.vehicle_id 
    from
        parking_tickets pt1_0 
    where
        pt1_0.zone_id=?
Hibernate: 
    select
        pt1_0.zone_id,
        pt1_0.id,
        pt1_0.check_in_time,
        pt1_0.check_out_time,
        pt1_0.vehicle_id 
    from
        parking_tickets pt1_0 
    where
        pt1_0.zone_id=?
Hibernate: 
    select
        pt1_0.zone_id,
        pt1_0.id,
        pt1_0.check_in_time,
        pt1_0.check_out_time,
        pt1_0.vehicle_id 
    from
        parking_tickets pt1_0 
    where
        pt1_0.zone_id=?
Hibernate: 
    delete 
    from
        zones 
    where
        id=?
Hibernate: 
    delete 
    from
        zones 
    where
        id=?
Hibernate: 
    delete 
    from
        zones 
    where
        id=?
Hibernate: 
    insert 
    into
        vehicles
        (color, license_plate, type) 
    values
        (?, ?, ?)
Hibernate: 
    insert 
    into
        vehicles
        (color, license_plate, type) 
    values
        (?, ?, ?)
Hibernate: 
    insert 
    into
        zones
        (capacity, name, occupied_spots) 
    values
        (?, ?, ?)
Hibernate: 
    select
        v1_0.id,
        v1_0.color,
        v1_0.license_plate,
        v1_0.type 
    from
        vehicles v1_0 
    where
        v1_0.id=?
Hibernate: 
    select
        v1_0.id,
        v1_0.color,
        v1_0.license_plate,
        v1_0.type 
    from
        vehicles v1_0 
    where
        v1_0.id=?
Hibernate: 
    insert 
    into
        parking_tickets
        (check_in_time, check_out_time, vehicle_id, zone_id) 
    values
        (?, ?, ?, ?)
Hibernate: 
    insert 
    into
        parking_tickets
        (check_in_time, check_out_time, vehicle_id, zone_id) 
    values
        (?, ?, ?, ?)
Hibernate: 
    insert 
    into
        parking_tickets
        (check_in_time, check_out_time, vehicle_id, zone_id) 
    values
        (?, ?, ?, ?)
Hibernate: 
    insert 
    into
        parking_tickets
        (check_in_time, check_out_time, vehicle_id, zone_id) 
    values
        (?, ?, ?, ?)
--- TESTING TICKET HISTORY PAGINATION & SORTING ---
Hibernate: 
    select
        pt1_0.id,
        v1_0.license_plate,
        z1_0.name,
        pt1_0.check_in_time,
        pt1_0.check_out_time 
    from
        parking_tickets pt1_0 
    join
        vehicles v1_0 
            on v1_0.id=pt1_0.vehicle_id 
    join
        zones z1_0 
            on z1_0.id=pt1_0.zone_id 
    where
        (
            ? is null 
            or v1_0.license_plate=?
        ) 
        and (
            pt1_0.check_in_time>=?
        ) 
        and (
            pt1_0.check_in_time<=?
        ) 
    order by
        pt1_0.check_in_time desc 
    fetch
        first ? rows only
Hibernate: 
    select
        count(*) 
    from
        parking_tickets pt1_0 
    join
        vehicles v1_0 
            on v1_0.id=pt1_0.vehicle_id 
    where
        (
            ? is null 
            or v1_0.license_plate=?
        ) 
        and (
            pt1_0.check_in_time>=?
        ) 
        and (
            pt1_0.check_in_time<=?
        )
History Page 1 total items: 3
History Page 1 total pages: 2
  - Plate: 18A-11111, CheckIn: 2026-07-13T12:00
  - Plate: 18A-11111, CheckIn: 2026-07-13T10:00
Hibernate: 
    select
        pt1_0.id,
        v1_0.license_plate,
        z1_0.name,
        pt1_0.check_in_time,
        pt1_0.check_out_time 
    from
        parking_tickets pt1_0 
    join
        vehicles v1_0 
            on v1_0.id=pt1_0.vehicle_id 
    join
        zones z1_0 
            on z1_0.id=pt1_0.zone_id 
    where
        (
            ? is null 
            or v1_0.license_plate=?
        ) 
        and (
            pt1_0.check_in_time>=?
        ) 
        and (
            pt1_0.check_in_time<=?
        ) 
    order by
        pt1_0.check_in_time desc 
    fetch
        first ? rows only
Filtered History count: 1
  - Filtered Plate: 18A-11111, CheckIn: 2026-07-13T10:00
--- ALL TICKET HISTORY TESTS PASSED ---
]]></system-out>
  <system-err><![CDATA[Mockito is currently self-attaching to enable the inline-mock-maker. This will no longer work in future releases of the JDK. Please add Mockito as an agent to your build as described in Mockito's documentation: https://javadoc.io/doc/org.mockito/mockito-core/latest/org.mockito/org/mockito/Mockito.html#0.3
WARNING: A Java agent has been loaded dynamically (C:\Users\vanan\.gradle\caches\modules-2\files-2.1\net.bytebuddy\byte-buddy-agent\1.18.10\9426d28828bdcdf42666bb7a68c468279ea78f59\byte-buddy-agent-1.18.10.jar)
WARNING: If a serviceability tool is in use, please run with -XX:+EnableDynamicAgentLoading to hide this warning
WARNING: If a serviceability tool is not in use, please run with -Djdk.instrument.traceUsage for more information
WARNING: Dynamic loading of agents will be disallowed by default in a future release
]]></system-err>
</testsuite>
